<?xml version="1.0" encoding="UTF-8"?>
<!-- Generated by org.testng.reporters.JUnitXMLReporter -->
<testsuite ignored="0" hostname="DESKTOP-BLEHUMN" failures="0" tests="4" name="Default test" time="0.068" errors="0" timestamp="2024-06-04T11:37:55 IST">
  <testcase classname="com.vqa.methodclassannotation.BeforeAndAfterClass" name="navigateToRegistrationForm" time="0.006"/>
  <testcase classname="com.vqa.methodclassannotation.BeforeAndAfterClass" name="navigateToAlertPopupPage" time="0.001"/>
  <testcase classname="com.vqa.methodclassannotation.BeforeAndAfterClass" name="navigateToWebTable" time="0.001"/>
  <testcase classname="com.vqa.methodclassannotation.BeforeAndAfterClass" name="navigateToMultipleWindows" time="0.002"/>
</testsuite> <!-- Default test -->
